SUCCESS: all tasks in array 15652319 completed on Mon Oct 13 10:38:11 PM EDT 2025

15652319_0|RECC_2.sh|COMPLETED|0:0|00:00:16||
15652319_0.batch|batch|COMPLETED|0:0|00:00:16|3080K|
15652319_0.0|singularity|COMPLETED|0:0|00:00:09|3M|
15652319_1|RECC_2.sh|COMPLETED|0:0|00:00:21||
15652319_1.batch|batch|COMPLETED|0:0|00:00:21|3076K|
15652319_1.0|singularity|COMPLETED|0:0|00:00:18|3M|
15652319_2|RECC_2.sh|COMPLETED|0:0|00:00:21||
15652319_2.batch|batch|COMPLETED|0:0|00:00:21|3M|
15652319_2.0|singularity|COMPLETED|0:0|00:00:18|3M|
15652319_3|RECC_2.sh|COMPLETED|0:0|00:00:10||
15652319_3.batch|batch|COMPLETED|0:0|00:00:10|3080K|
15652319_3.0|singularity|COMPLETED|0:0|00:00:08|3M|
15652319_4|RECC_2.sh|COMPLETED|0:0|00:00:30||
15652319_4.batch|batch|COMPLETED|0:0|00:00:30|3080K|
15652319_4.0|singularity|COMPLETED|0:0|00:00:27|3M|
15652319_5|RECC_2.sh|COMPLETED|0:0|00:00:13||
15652319_5.batch|batch|COMPLETED|0:0|00:00:13|3M|
15652319_5.0|singularity|COMPLETED|0:0|00:00:10|3M|
15652319_6|RECC_2.sh|COMPLETED|0:0|00:00:11||
15652319_6.batch|batch|COMPLETED|0:0|00:00:11|3M|
15652319_6.0|singularity|COMPLETED|0:0|00:00:09|3M|
15652319_7|RECC_2.sh|COMPLETED|0:0|00:00:11||
15652319_7.batch|batch|COMPLETED|0:0|00:00:11|3M|
15652319_7.0|singularity|COMPLETED|0:0|00:00:09|3M|
15652319_8|RECC_2.sh|COMPLETED|0:0|00:00:29||
15652319_8.batch|batch|COMPLETED|0:0|00:00:29|3084K|
15652319_8.0|singularity|COMPLETED|0:0|00:00:25|3M|
15652319_9|RECC_2.sh|COMPLETED|0:0|00:00:11||
15652319_9.batch|batch|COMPLETED|0:0|00:00:11|3080K|
15652319_9.0|singularity|COMPLETED|0:0|00:00:09|3M|
15652319_10|RECC_2.sh|COMPLETED|0:0|00:00:37||
15652319_10.batch|batch|COMPLETED|0:0|00:00:37|3076K|
15652319_10.0|singularity|COMPLETED|0:0|00:00:33|3M|
15652319_11|RECC_2.sh|COMPLETED|0:0|00:00:32||
15652319_11.batch|batch|COMPLETED|0:0|00:00:32|3M|
15652319_11.0|singularity|COMPLETED|0:0|00:00:29|3M|
