SUCCESS: all tasks in array 15651863 completed on Mon Oct 13 10:30:44 PM EDT 2025

15651863_0|RECC_2.sh|COMPLETED|0:0|00:00:21||
15651863_0.batch|batch|COMPLETED|0:0|00:00:21|3080K|
15651863_0.0|singularity|COMPLETED|0:0|00:00:19|3M|
15651863_1|RECC_2.sh|COMPLETED|0:0|00:00:11||
15651863_1.batch|batch|COMPLETED|0:0|00:00:11|3080K|
15651863_1.0|singularity|COMPLETED|0:0|00:00:09|3M|
15651863_2|RECC_2.sh|COMPLETED|0:0|00:00:21||
15651863_2.batch|batch|COMPLETED|0:0|00:00:21|3080K|
15651863_2.0|singularity|COMPLETED|0:0|00:00:18|3M|
15651863_3|RECC_2.sh|COMPLETED|0:0|00:00:21||
15651863_3.batch|batch|COMPLETED|0:0|00:00:21|3080K|
15651863_3.0|singularity|COMPLETED|0:0|00:00:18|3M|
15651863_4|RECC_2.sh|COMPLETED|0:0|00:00:13||
15651863_4.batch|batch|COMPLETED|0:0|00:00:13|3080K|
15651863_4.0|singularity|COMPLETED|0:0|00:00:11|3M|
15651863_5|RECC_2.sh|COMPLETED|0:0|00:00:11||
15651863_5.batch|batch|COMPLETED|0:0|00:00:11|3M|
15651863_5.0|singularity|COMPLETED|0:0|00:00:09|3M|
15651863_6|RECC_2.sh|COMPLETED|0:0|00:00:11||
15651863_6.batch|batch|COMPLETED|0:0|00:00:11|3080K|
15651863_6.0|singularity|COMPLETED|0:0|00:00:09|3M|
15651863_7|RECC_2.sh|COMPLETED|0:0|00:00:11||
15651863_7.batch|batch|COMPLETED|0:0|00:00:11|3080K|
15651863_7.0|singularity|COMPLETED|0:0|00:00:09|3M|
15651863_8|RECC_2.sh|COMPLETED|0:0|00:00:14||
15651863_8.batch|batch|COMPLETED|0:0|00:00:14|3076K|
15651863_8.0|singularity|COMPLETED|0:0|00:00:11|3M|
15651863_9|RECC_2.sh|COMPLETED|0:0|00:00:14||
15651863_9.batch|batch|COMPLETED|0:0|00:00:14|3080K|
15651863_9.0|singularity|COMPLETED|0:0|00:00:11|3M|
15651863_10|RECC_2.sh|COMPLETED|0:0|00:00:11||
15651863_10.batch|batch|COMPLETED|0:0|00:00:11|3M|
15651863_10.0|singularity|COMPLETED|0:0|00:00:09|3M|
15651863_11|RECC_2.sh|COMPLETED|0:0|00:00:11||
15651863_11.batch|batch|COMPLETED|0:0|00:00:11|3084K|
15651863_11.0|singularity|COMPLETED|0:0|00:00:09|3M|
