SUCCESS: all tasks in array 15652014 completed on Mon Oct 13 10:32:08 PM EDT 2025

15652014_0|RECC_2.sh|COMPLETED|0:0|00:00:11||
15652014_0.batch|batch|COMPLETED|0:0|00:00:11|3076K|
15652014_0.0|singularity|COMPLETED|0:0|00:00:09|3M|
15652014_1|RECC_2.sh|COMPLETED|0:0|00:00:20||
15652014_1.batch|batch|COMPLETED|0:0|00:00:20|3080K|
15652014_1.0|singularity|COMPLETED|0:0|00:00:17|3M|
15652014_2|RECC_2.sh|COMPLETED|0:0|00:00:19||
15652014_2.batch|batch|COMPLETED|0:0|00:00:19|3M|
15652014_2.0|singularity|COMPLETED|0:0|00:00:16|3M|
15652014_3|RECC_2.sh|COMPLETED|0:0|00:00:11||
15652014_3.batch|batch|COMPLETED|0:0|00:00:11|3080K|
15652014_3.0|singularity|COMPLETED|0:0|00:00:09|3M|
15652014_4|RECC_2.sh|COMPLETED|0:0|00:00:19||
15652014_4.batch|batch|COMPLETED|0:0|00:00:19|3076K|
15652014_4.0|singularity|COMPLETED|0:0|00:00:17|3M|
15652014_5|RECC_2.sh|COMPLETED|0:0|00:00:13||
15652014_5.batch|batch|COMPLETED|0:0|00:00:13|3M|
15652014_5.0|singularity|COMPLETED|0:0|00:00:10|3M|
15652014_6|RECC_2.sh|COMPLETED|0:0|00:00:11||
15652014_6.batch|batch|COMPLETED|0:0|00:00:11|3096K|
15652014_6.0|singularity|COMPLETED|0:0|00:00:09|3M|
15652014_7|RECC_2.sh|COMPLETED|0:0|00:00:11||
15652014_7.batch|batch|COMPLETED|0:0|00:00:11|3M|
15652014_7.0|singularity|COMPLETED|0:0|00:00:09|3M|
15652014_8|RECC_2.sh|COMPLETED|0:0|00:00:11||
15652014_8.batch|batch|COMPLETED|0:0|00:00:11|3080K|
15652014_8.0|singularity|COMPLETED|0:0|00:00:09|3M|
15652014_9|RECC_2.sh|COMPLETED|0:0|00:00:15||
15652014_9.batch|batch|COMPLETED|0:0|00:00:15|3M|
15652014_9.0|singularity|COMPLETED|0:0|00:00:12|3M|
15652014_10|RECC_2.sh|COMPLETED|0:0|00:00:14||
15652014_10.batch|batch|COMPLETED|0:0|00:00:14|3080K|
15652014_10.0|singularity|COMPLETED|0:0|00:00:11|3M|
15652014_11|RECC_2.sh|COMPLETED|0:0|00:00:11||
15652014_11.batch|batch|COMPLETED|0:0|00:00:11|3M|
15652014_11.0|singularity|COMPLETED|0:0|00:00:09|3M|
